\BOOKMARK [0][-]{chapter.1}{\376\377\000I\000n\000p\000u\000t}{}% 1
\BOOKMARK [1][-]{section.1.1}{\376\377\000M\000i\000s\000s\000i\000o\000n\000s}{chapter.1}% 2
\BOOKMARK [1][-]{section.1.2}{\376\377\000C\000o\000n\000f\000i\000g\000u\000r\000a\000t\000i\000o\000n\000s}{chapter.1}% 3
\BOOKMARK [0][-]{chapter.2}{\376\377\000S\000t\000r\000u\000c\000t\000u\000r\000e}{}% 4
\BOOKMARK [1][-]{section.2.1}{\376\377\000U\000M\000L}{chapter.2}% 5
\BOOKMARK [0][-]{chapter.3}{\376\377\000M\000o\000d\000u\000l\000e\000s}{}% 6
\BOOKMARK [1][-]{section.3.1}{\376\377\000A\000i\000r\000c\000r\000a\000f\000t}{chapter.3}% 7
\BOOKMARK [2][-]{subsection.3.1.1}{\376\377\000T\000h\000r\000u\000s\000t\000\040\000a\000n\000d\000\040\000a\000n\000g\000l\000e\000\040\000o\000f\000\040\000a\000t\000t\000a\000c\000k}{section.3.1}% 8
\BOOKMARK [1][-]{section.3.2}{\376\377\000E\000n\000g\000i\000n\000e\000s}{chapter.3}% 9
\BOOKMARK [1][-]{section.3.3}{\376\377\000F\000u\000s\000e\000l\000a\000g\000e}{chapter.3}% 10
\BOOKMARK [1][-]{section.3.4}{\376\377\000H\000e\000l\000i\000c\000o\000p\000t\000e\000r}{chapter.3}% 11
\BOOKMARK [2][-]{subsection.3.4.1}{\376\377\000S\000i\000z\000i\000n\000g\000\040\000l\000o\000o\000p}{section.3.4}% 12
\BOOKMARK [1][-]{section.3.5}{\376\377\000L\000a\000n\000d\000i\000n\000g\000\040\000G\000e\000a\000r}{chapter.3}% 13
\BOOKMARK [1][-]{section.3.6}{\376\377\000M\000i\000s\000s\000i\000o\000n}{chapter.3}% 14
\BOOKMARK [1][-]{section.3.7}{\376\377\000R\000o\000t\000o\000r}{chapter.3}% 15
\BOOKMARK [0][-]{chapter.4}{\376\377\000R\000e\000s\000s\000o\000u\000r\000c\000e\000s}{}% 16
\BOOKMARK [1][-]{section.4.1}{\376\377\000S\000e\000t\000u\000p}{chapter.4}% 17
\BOOKMARK [1][-]{section.4.2}{\376\377\000M\000a\000i\000n\000t\000a\000i\000n}{chapter.4}% 18
\BOOKMARK [1][-]{section.4.3}{\376\377\000G\000u\000i\000d\000e\000s}{chapter.4}% 19
\BOOKMARK [0][-]{chapter.5}{\376\377\000I\000n\000d\000i\000c\000e\000s\000\040\000a\000n\000d\000\040\000t\000a\000b\000l\000e\000s}{}% 20
\BOOKMARK [0][-]{section*.88}{\376\377\000P\000y\000t\000h\000o\000n\000\040\000M\000o\000d\000u\000l\000e\000\040\000I\000n\000d\000e\000x}{}% 21
\BOOKMARK [0][-]{section*.89}{\376\377\000I\000n\000d\000e\000x}{}% 22
